app/build/intermediates/manifest_merge_blame_file/debug/manifest-merger-blame-debug-report.txt
1<?xml version="1.0" encoding="utf-8"?>
2<manifest xmlns:android="http://schemas.android.com/apk/res/android"
3    package="com.fitbit.sampleandroidoauth2"
4    android:versionCode="1"
5    android:versionName="1.0" >
6
7    <uses-sdk
8        android:minSdkVersion="24"
8-->src/main/AndroidManifest.xml
9        android:targetSdkVersion="31" />
9-->src/main/AndroidManifest.xml
10
11    <uses-permission android:name="android.permission.INTERNET" />
11-->src/main/AndroidManifest.xml:5:5-66
11-->src/main/AndroidManifest.xml:5:22-64
12
13    <application
13-->src/main/AndroidManifest.xml:7:5-35:19
14        android:name="com.fitbit.sampleandroidoauth2.FitbitAuthApplication"
14-->src/main/AndroidManifest.xml:10:9-46
15        android:allowBackup="true"
15-->src/main/AndroidManifest.xml:8:9-35
16        android:appComponentFactory="androidx.core.app.CoreComponentFactory"
16-->[androidx.core:core:1.5.0] AndroidManifest.xml:24:18-86
17        android:debuggable="true"
18        android:extractNativeLibs="false"
19        android:fullBackupContent="@xml/backup_descriptor"
19-->src/main/AndroidManifest.xml:9:9-59
20        android:label="@string/app_name"
20-->src/main/AndroidManifest.xml:11:9-41
21        android:supportsRtl="true"
21-->src/main/AndroidManifest.xml:12:9-35
22        android:testOnly="true"
23        android:theme="@style/AppTheme" >
23-->src/main/AndroidManifest.xml:13:9-40
24        <meta-data
24-->src/main/AndroidManifest.xml:15:9-17:37
25            android:name="com.fitbit.sampleandroidoauth2.CLIENT_ID"
25-->src/main/AndroidManifest.xml:16:13-68
26            android:value="23BLC6" />
26-->src/main/AndroidManifest.xml:17:13-35
27        <meta-data
27-->src/main/AndroidManifest.xml:18:9-20:47
28            android:name="com.fitbit.sampleandroidoauth2.REDIRECT_URL"
28-->src/main/AndroidManifest.xml:19:13-71
29            android:value="https://finished" />
29-->src/main/AndroidManifest.xml:20:13-45
30
31        <activity
31-->src/main/AndroidManifest.xml:22:9-31:20
32            android:name="com.fitbit.sampleandroidoauth2.RootActivity"
32-->src/main/AndroidManifest.xml:23:13-41
33            android:exported="true"
33-->src/main/AndroidManifest.xml:24:13-36
34            android:label="@string/title_activity_main"
34-->src/main/AndroidManifest.xml:25:13-56
35            android:theme="@style/Theme.Fitbit.Teal" >
35-->src/main/AndroidManifest.xml:26:13-53
36            <intent-filter>
36-->src/main/AndroidManifest.xml:27:13-30:29
37                <action android:name="android.intent.action.MAIN" />
37-->src/main/AndroidManifest.xml:28:17-68
37-->src/main/AndroidManifest.xml:28:25-66
38
39                <category android:name="android.intent.category.LAUNCHER" />
39-->src/main/AndroidManifest.xml:29:17-76
39-->src/main/AndroidManifest.xml:29:27-74
40            </intent-filter>
41        </activity>
42        <activity
42-->src/main/AndroidManifest.xml:32:9-34:20
43            android:name="com.fitbit.sampleandroidoauth2.UserDataActivity"
43-->src/main/AndroidManifest.xml:32:19-51
44            android:theme="@style/AppTheme" >
44-->src/main/AndroidManifest.xml:33:19-50
45        </activity>
46        <activity
46-->[:fitbitauth] AndroidManifest.xml:15:9-18:20
47            android:name="com.fitbit.authentication.ui.LoginActivity"
47-->[:fitbitauth] AndroidManifest.xml:16:13-70
48            android:theme="@style/Theme.Fitbit.Teal" >
48-->[:fitbitauth] AndroidManifest.xml:17:13-53
49        </activity>
50    </application>
51
52</manifest>